[0.458s] Invoking command in '/home/user/ROS2_Humble_Study/Section3/src/my_py_pkg': PYTHONPATH=/home/user/ROS2_Humble_Study/Section3/build/my_py_pkg/prefix_override:/usr/lib/python3/dist-packages/colcon_core/task/python/colcon_distutils_commands:/home/user/ROS2_Humble_Study/Section3/install/my_py_pkg/lib/python3.10/site-packages:${PYTHONPATH} /usr/bin/python3 -W ignore:setup.py install is deprecated setup.py egg_info --egg-base ../../build/my_py_pkg build --build-base /home/user/ROS2_Humble_Study/Section3/build/my_py_pkg/build install --record /home/user/ROS2_Humble_Study/Section3/build/my_py_pkg/install.log --single-version-externally-managed install_data
[0.632s] running egg_info
[0.633s] creating ../../build/my_py_pkg/my_py_pkg.egg-info
[0.633s] writing ../../build/my_py_pkg/my_py_pkg.egg-info/PKG-INFO
[0.633s] writing dependency_links to ../../build/my_py_pkg/my_py_pkg.egg-info/dependency_links.txt
[0.633s] writing entry points to ../../build/my_py_pkg/my_py_pkg.egg-info/entry_points.txt
[0.634s] writing requirements to ../../build/my_py_pkg/my_py_pkg.egg-info/requires.txt
[0.634s] writing top-level names to ../../build/my_py_pkg/my_py_pkg.egg-info/top_level.txt
[0.634s] writing manifest file '../../build/my_py_pkg/my_py_pkg.egg-info/SOURCES.txt'
[0.636s] reading manifest file '../../build/my_py_pkg/my_py_pkg.egg-info/SOURCES.txt'
[0.637s] writing manifest file '../../build/my_py_pkg/my_py_pkg.egg-info/SOURCES.txt'
[0.637s] running build
[0.638s] running build_py
[0.638s] creating /home/user/ROS2_Humble_Study/Section3/build/my_py_pkg/build
[0.638s] creating /home/user/ROS2_Humble_Study/Section3/build/my_py_pkg/build/lib
[0.638s] creating /home/user/ROS2_Humble_Study/Section3/build/my_py_pkg/build/lib/my_py_pkg
[0.638s] copying my_py_pkg/__init__.py -> /home/user/ROS2_Humble_Study/Section3/build/my_py_pkg/build/lib/my_py_pkg
[0.638s] running install
[0.639s] running install_lib
[0.640s] creating /home/user/ROS2_Humble_Study/Section3/install/my_py_pkg/lib/python3.10/site-packages/my_py_pkg
[0.640s] copying /home/user/ROS2_Humble_Study/Section3/build/my_py_pkg/build/lib/my_py_pkg/__init__.py -> /home/user/ROS2_Humble_Study/Section3/install/my_py_pkg/lib/python3.10/site-packages/my_py_pkg
[0.640s] byte-compiling /home/user/ROS2_Humble_Study/Section3/install/my_py_pkg/lib/python3.10/site-packages/my_py_pkg/__init__.py to __init__.cpython-310.pyc
[0.641s] running install_data
[0.641s] creating /home/user/ROS2_Humble_Study/Section3/install/my_py_pkg/share/ament_index
[0.641s] creating /home/user/ROS2_Humble_Study/Section3/install/my_py_pkg/share/ament_index/resource_index
[0.641s] creating /home/user/ROS2_Humble_Study/Section3/install/my_py_pkg/share/ament_index/resource_index/packages
[0.641s] copying resource/my_py_pkg -> /home/user/ROS2_Humble_Study/Section3/install/my_py_pkg/share/ament_index/resource_index/packages
[0.641s] copying package.xml -> /home/user/ROS2_Humble_Study/Section3/install/my_py_pkg/share/my_py_pkg
[0.641s] running install_egg_info
[0.642s] Copying ../../build/my_py_pkg/my_py_pkg.egg-info to /home/user/ROS2_Humble_Study/Section3/install/my_py_pkg/lib/python3.10/site-packages/my_py_pkg-0.0.0-py3.10.egg-info
[0.643s] running install_scripts
[0.659s] writing list of installed files to '/home/user/ROS2_Humble_Study/Section3/build/my_py_pkg/install.log'
[0.678s] Invoked command in '/home/user/ROS2_Humble_Study/Section3/src/my_py_pkg' returned '0': PYTHONPATH=/home/user/ROS2_Humble_Study/Section3/build/my_py_pkg/prefix_override:/usr/lib/python3/dist-packages/colcon_core/task/python/colcon_distutils_commands:/home/user/ROS2_Humble_Study/Section3/install/my_py_pkg/lib/python3.10/site-packages:${PYTHONPATH} /usr/bin/python3 -W ignore:setup.py install is deprecated setup.py egg_info --egg-base ../../build/my_py_pkg build --build-base /home/user/ROS2_Humble_Study/Section3/build/my_py_pkg/build install --record /home/user/ROS2_Humble_Study/Section3/build/my_py_pkg/install.log --single-version-externally-managed install_data
