[0.162s] DEBUG:colcon:Command line arguments: ['/usr/bin/colcon', 'build']
[0.162s] DEBUG:colcon:Parsed command line arguments: Namespace(log_base=None, log_level=None, verb_name='build', build_base='build', install_base='install', merge_install=False, symlink_install=False, test_result_base=None, continue_on_error=False, executor='parallel', parallel_workers=8, event_handlers=None, ignore_user_meta=False, metas=['./colcon.meta'], base_paths=['.'], packages_ignore=None, packages_ignore_regex=None, paths=None, packages_up_to=None, packages_up_to_regex=None, packages_above=None, packages_above_and_dependencies=None, packages_above_depth=None, packages_select_by_dep=None, packages_skip_by_dep=None, packages_skip_up_to=None, packages_select_build_failed=False, packages_skip_build_finished=False, packages_select_test_failures=False, packages_skip_test_passed=False, packages_select=None, packages_skip=None, packages_select_regex=None, packages_skip_regex=None, packages_start=None, packages_end=None, allow_overriding=[], cmake_args=None, cmake_target=None, cmake_target_skip_unavailable=False, cmake_clean_cache=False, cmake_clean_first=False, cmake_force_configure=False, ament_cmake_args=None, catkin_cmake_args=None, catkin_skip_building_tests=False, mixin_files=None, mixin=None, verb_parser=<colcon_mixin.mixin.mixin_argument.MixinArgumentDecorator object at 0x7f02aff99c00>, verb_extension=<colcon_core.verb.build.BuildVerb object at 0x7f02aff99750>, main=<bound method BuildVerb.main of <colcon_core.verb.build.BuildVerb object at 0x7f02aff99750>>, mixin_verb=('build',))
[0.282s] Level 1:colcon.colcon_core.package_discovery:discover_packages(colcon_meta) check parameters
[0.282s] Level 1:colcon.colcon_core.package_discovery:discover_packages(recursive) check parameters
[0.282s] Level 1:colcon.colcon_core.package_discovery:discover_packages(ignore) check parameters
[0.282s] Level 1:colcon.colcon_core.package_discovery:discover_packages(path) check parameters
[0.282s] Level 1:colcon.colcon_core.package_discovery:discover_packages(colcon_meta) discover
[0.282s] Level 1:colcon.colcon_core.package_discovery:discover_packages(recursive) discover
[0.282s] INFO:colcon.colcon_core.package_discovery:Crawling recursively for packages in '/home/user/ROS2_Humble_Study/Section3'
[0.283s] Level 1:colcon.colcon_core.package_identification:_identify(.) by extensions ['ignore', 'ignore_ament_install']
[0.283s] Level 1:colcon.colcon_core.package_identification:_identify(.) by extension 'ignore'
[0.283s] Level 1:colcon.colcon_core.package_identification:_identify(.) by extension 'ignore_ament_install'
[0.283s] Level 1:colcon.colcon_core.package_identification:_identify(.) by extensions ['colcon_pkg']
[0.283s] Level 1:colcon.colcon_core.package_identification:_identify(.) by extension 'colcon_pkg'
[0.283s] Level 1:colcon.colcon_core.package_identification:_identify(.) by extensions ['colcon_meta']
[0.283s] Level 1:colcon.colcon_core.package_identification:_identify(.) by extension 'colcon_meta'
[0.283s] Level 1:colcon.colcon_core.package_identification:_identify(.) by extensions ['ros']
[0.283s] Level 1:colcon.colcon_core.package_identification:_identify(.) by extension 'ros'
[0.291s] Level 1:colcon.colcon_core.package_identification:_identify(.) by extensions ['cmake', 'python']
[0.291s] Level 1:colcon.colcon_core.package_identification:_identify(.) by extension 'cmake'
[0.291s] Level 1:colcon.colcon_core.package_identification:_identify(.) by extension 'python'
[0.291s] Level 1:colcon.colcon_core.package_identification:_identify(.) by extensions ['python_setup_py']
[0.291s] Level 1:colcon.colcon_core.package_identification:_identify(.) by extension 'python_setup_py'
[0.292s] Level 1:colcon.colcon_core.package_identification:_identify(build) by extensions ['ignore', 'ignore_ament_install']
[0.292s] Level 1:colcon.colcon_core.package_identification:_identify(build) by extension 'ignore'
[0.292s] Level 1:colcon.colcon_core.package_identification:_identify(build) ignored
[0.292s] Level 1:colcon.colcon_core.package_identification:_identify(install) by extensions ['ignore', 'ignore_ament_install']
[0.292s] Level 1:colcon.colcon_core.package_identification:_identify(install) by extension 'ignore'
[0.292s] Level 1:colcon.colcon_core.package_identification:_identify(install) ignored
[0.292s] Level 1:colcon.colcon_core.package_identification:_identify(log) by extensions ['ignore', 'ignore_ament_install']
[0.292s] Level 1:colcon.colcon_core.package_identification:_identify(log) by extension 'ignore'
[0.292s] Level 1:colcon.colcon_core.package_identification:_identify(log) ignored
[0.292s] Level 1:colcon.colcon_core.package_identification:_identify(src) by extensions ['ignore', 'ignore_ament_install']
[0.293s] Level 1:colcon.colcon_core.package_identification:_identify(src) by extension 'ignore'
[0.293s] Level 1:colcon.colcon_core.package_identification:_identify(src) by extension 'ignore_ament_install'
[0.293s] Level 1:colcon.colcon_core.package_identification:_identify(src) by extensions ['colcon_pkg']
[0.293s] Level 1:colcon.colcon_core.package_identification:_identify(src) by extension 'colcon_pkg'
[0.293s] Level 1:colcon.colcon_core.package_identification:_identify(src) by extensions ['colcon_meta']
[0.293s] Level 1:colcon.colcon_core.package_identification:_identify(src) by extension 'colcon_meta'
[0.293s] Level 1:colcon.colcon_core.package_identification:_identify(src) by extensions ['ros']
[0.293s] Level 1:colcon.colcon_core.package_identification:_identify(src) by extension 'ros'
[0.293s] Level 1:colcon.colcon_core.package_identification:_identify(src) by extensions ['cmake', 'python']
[0.293s] Level 1:colcon.colcon_core.package_identification:_identify(src) by extension 'cmake'
[0.293s] Level 1:colcon.colcon_core.package_identification:_identify(src) by extension 'python'
[0.293s] Level 1:colcon.colcon_core.package_identification:_identify(src) by extensions ['python_setup_py']
[0.293s] Level 1:colcon.colcon_core.package_identification:_identify(src) by extension 'python_setup_py'
[0.293s] Level 1:colcon.colcon_core.package_identification:_identify(src/my_cpp_pkg) by extensions ['ignore', 'ignore_ament_install']
[0.293s] Level 1:colcon.colcon_core.package_identification:_identify(src/my_cpp_pkg) by extension 'ignore'
[0.293s] Level 1:colcon.colcon_core.package_identification:_identify(src/my_cpp_pkg) by extension 'ignore_ament_install'
[0.293s] Level 1:colcon.colcon_core.package_identification:_identify(src/my_cpp_pkg) by extensions ['colcon_pkg']
[0.293s] Level 1:colcon.colcon_core.package_identification:_identify(src/my_cpp_pkg) by extension 'colcon_pkg'
[0.293s] Level 1:colcon.colcon_core.package_identification:_identify(src/my_cpp_pkg) by extensions ['colcon_meta']
[0.293s] Level 1:colcon.colcon_core.package_identification:_identify(src/my_cpp_pkg) by extension 'colcon_meta'
[0.293s] Level 1:colcon.colcon_core.package_identification:_identify(src/my_cpp_pkg) by extensions ['ros']
[0.293s] Level 1:colcon.colcon_core.package_identification:_identify(src/my_cpp_pkg) by extension 'ros'
[0.296s] DEBUG:colcon.colcon_core.package_identification:Package 'src/my_cpp_pkg' with type 'ros.ament_cmake' and name 'my_cpp_pkg'
[0.296s] Level 1:colcon.colcon_core.package_identification:_identify(src/my_py_pkg) by extensions ['ignore', 'ignore_ament_install']
[0.296s] Level 1:colcon.colcon_core.package_identification:_identify(src/my_py_pkg) by extension 'ignore'
[0.297s] Level 1:colcon.colcon_core.package_identification:_identify(src/my_py_pkg) by extension 'ignore_ament_install'
[0.297s] Level 1:colcon.colcon_core.package_identification:_identify(src/my_py_pkg) by extensions ['colcon_pkg']
[0.297s] Level 1:colcon.colcon_core.package_identification:_identify(src/my_py_pkg) by extension 'colcon_pkg'
[0.297s] Level 1:colcon.colcon_core.package_identification:_identify(src/my_py_pkg) by extensions ['colcon_meta']
[0.297s] Level 1:colcon.colcon_core.package_identification:_identify(src/my_py_pkg) by extension 'colcon_meta'
[0.297s] Level 1:colcon.colcon_core.package_identification:_identify(src/my_py_pkg) by extensions ['ros']
[0.297s] Level 1:colcon.colcon_core.package_identification:_identify(src/my_py_pkg) by extension 'ros'
[0.297s] DEBUG:colcon.colcon_core.package_identification:Package 'src/my_py_pkg' with type 'ros.ament_python' and name 'my_py_pkg'
[0.297s] Level 1:colcon.colcon_core.package_discovery:discover_packages(recursive) using defaults
[0.297s] Level 1:colcon.colcon_core.package_discovery:discover_packages(ignore) discover
[0.297s] Level 1:colcon.colcon_core.package_discovery:discover_packages(ignore) using defaults
[0.297s] Level 1:colcon.colcon_core.package_discovery:discover_packages(path) discover
[0.297s] Level 1:colcon.colcon_core.package_discovery:discover_packages(path) using defaults
[0.313s] Level 1:colcon.colcon_core.package_discovery:discover_packages(prefix_path) check parameters
[0.313s] Level 1:colcon.colcon_core.package_discovery:discover_packages(prefix_path) discover
[0.314s] DEBUG:colcon.colcon_installed_package_information.package_discovery:Found 1 installed packages in /home/user/ROS2_Humble_Study/Section3/install
[0.314s] DEBUG:colcon.colcon_installed_package_information.package_discovery:Found 2 installed packages in /home/user/ros2_ws/install
[0.315s] DEBUG:colcon.colcon_installed_package_information.package_discovery:Found 308 installed packages in /opt/ros/humble
[0.325s] Level 1:colcon.colcon_core.package_discovery:discover_packages(prefix_path) using defaults
[0.354s] Level 5:colcon.colcon_core.verb:set package 'my_cpp_pkg' build argument 'cmake_args' from command line to 'None'
[0.354s] Level 5:colcon.colcon_core.verb:set package 'my_cpp_pkg' build argument 'cmake_target' from command line to 'None'
[0.354s] Level 5:colcon.colcon_core.verb:set package 'my_cpp_pkg' build argument 'cmake_target_skip_unavailable' from command line to 'False'
[0.354s] Level 5:colcon.colcon_core.verb:set package 'my_cpp_pkg' build argument 'cmake_clean_cache' from command line to 'False'
[0.354s] Level 5:colcon.colcon_core.verb:set package 'my_cpp_pkg' build argument 'cmake_clean_first' from command line to 'False'
[0.354s] Level 5:colcon.colcon_core.verb:set package 'my_cpp_pkg' build argument 'cmake_force_configure' from command line to 'False'
[0.354s] Level 5:colcon.colcon_core.verb:set package 'my_cpp_pkg' build argument 'ament_cmake_args' from command line to 'None'
[0.354s] Level 5:colcon.colcon_core.verb:set package 'my_cpp_pkg' build argument 'catkin_cmake_args' from command line to 'None'
[0.354s] Level 5:colcon.colcon_core.verb:set package 'my_cpp_pkg' build argument 'catkin_skip_building_tests' from command line to 'False'
[0.354s] DEBUG:colcon.colcon_core.verb:Building package 'my_cpp_pkg' with the following arguments: {'ament_cmake_args': None, 'build_base': '/home/user/ROS2_Humble_Study/Section3/build/my_cpp_pkg', 'catkin_cmake_args': None, 'catkin_skip_building_tests': False, 'cmake_args': None, 'cmake_clean_cache': False, 'cmake_clean_first': False, 'cmake_force_configure': False, 'cmake_target': None, 'cmake_target_skip_unavailable': False, 'install_base': '/home/user/ROS2_Humble_Study/Section3/install/my_cpp_pkg', 'merge_install': False, 'path': '/home/user/ROS2_Humble_Study/Section3/src/my_cpp_pkg', 'symlink_install': False, 'test_result_base': None}
[0.355s] Level 5:colcon.colcon_core.verb:set package 'my_py_pkg' build argument 'cmake_args' from command line to 'None'
[0.355s] Level 5:colcon.colcon_core.verb:set package 'my_py_pkg' build argument 'cmake_target' from command line to 'None'
[0.355s] Level 5:colcon.colcon_core.verb:set package 'my_py_pkg' build argument 'cmake_target_skip_unavailable' from command line to 'False'
[0.355s] Level 5:colcon.colcon_core.verb:set package 'my_py_pkg' build argument 'cmake_clean_cache' from command line to 'False'
[0.355s] Level 5:colcon.colcon_core.verb:set package 'my_py_pkg' build argument 'cmake_clean_first' from command line to 'False'
[0.355s] Level 5:colcon.colcon_core.verb:set package 'my_py_pkg' build argument 'cmake_force_configure' from command line to 'False'
[0.355s] Level 5:colcon.colcon_core.verb:set package 'my_py_pkg' build argument 'ament_cmake_args' from command line to 'None'
[0.355s] Level 5:colcon.colcon_core.verb:set package 'my_py_pkg' build argument 'catkin_cmake_args' from command line to 'None'
[0.355s] Level 5:colcon.colcon_core.verb:set package 'my_py_pkg' build argument 'catkin_skip_building_tests' from command line to 'False'
[0.355s] DEBUG:colcon.colcon_core.verb:Building package 'my_py_pkg' with the following arguments: {'ament_cmake_args': None, 'build_base': '/home/user/ROS2_Humble_Study/Section3/build/my_py_pkg', 'catkin_cmake_args': None, 'catkin_skip_building_tests': False, 'cmake_args': None, 'cmake_clean_cache': False, 'cmake_clean_first': False, 'cmake_force_configure': False, 'cmake_target': None, 'cmake_target_skip_unavailable': False, 'install_base': '/home/user/ROS2_Humble_Study/Section3/install/my_py_pkg', 'merge_install': False, 'path': '/home/user/ROS2_Humble_Study/Section3/src/my_py_pkg', 'symlink_install': False, 'test_result_base': None}
[0.355s] INFO:colcon.colcon_core.executor:Executing jobs using 'parallel' executor
[0.357s] DEBUG:colcon.colcon_parallel_executor.executor.parallel:run_until_complete
[0.357s] INFO:colcon.colcon_ros.task.ament_cmake.build:Building ROS package in '/home/user/ROS2_Humble_Study/Section3/src/my_cpp_pkg' with build type 'ament_cmake'
[0.357s] INFO:colcon.colcon_cmake.task.cmake.build:Building CMake package in '/home/user/ROS2_Humble_Study/Section3/src/my_cpp_pkg'
[0.360s] INFO:colcon.colcon_core.plugin_system:Skipping extension 'colcon_core.shell.bat': Not used on non-Windows systems
[0.360s] INFO:colcon.colcon_core.shell:Skip shell extension 'powershell' for command environment: Not usable outside of PowerShell
[0.360s] DEBUG:colcon.colcon_core.shell:Skip shell extension 'dsv' for command environment
[0.364s] INFO:colcon.colcon_ros.task.ament_python.build:Building ROS package in '/home/user/ROS2_Humble_Study/Section3/src/my_py_pkg' with build type 'ament_python'
[0.364s] Level 1:colcon.colcon_core.shell:create_environment_hook('my_py_pkg', 'ament_prefix_path')
[0.365s] INFO:colcon.colcon_core.shell:Creating environment hook '/home/user/ROS2_Humble_Study/Section3/install/my_py_pkg/share/my_py_pkg/hook/ament_prefix_path.ps1'
[0.366s] INFO:colcon.colcon_core.shell:Creating environment descriptor '/home/user/ROS2_Humble_Study/Section3/install/my_py_pkg/share/my_py_pkg/hook/ament_prefix_path.dsv'
[0.366s] INFO:colcon.colcon_core.shell:Creating environment hook '/home/user/ROS2_Humble_Study/Section3/install/my_py_pkg/share/my_py_pkg/hook/ament_prefix_path.sh'
[0.367s] INFO:colcon.colcon_core.shell:Skip shell extension 'powershell' for command environment: Not usable outside of PowerShell
[0.367s] DEBUG:colcon.colcon_core.shell:Skip shell extension 'dsv' for command environment
[0.375s] DEBUG:colcon.colcon_core.event_handler.log_command:Invoking command in '/home/user/ROS2_Humble_Study/Section3/build/my_cpp_pkg': CMAKE_PREFIX_PATH=${CMAKE_PREFIX_PATH}:/home/user/ros2_ws/install/my_py_pkg:/opt/ros/humble /usr/bin/cmake /home/user/ROS2_Humble_Study/Section3/src/my_cpp_pkg -DCMAKE_INSTALL_PREFIX=/home/user/ROS2_Humble_Study/Section3/install/my_cpp_pkg
[0.582s] INFO:colcon.colcon_core.task.python.build:Building Python package in '/home/user/ROS2_Humble_Study/Section3/src/my_py_pkg'
[0.583s] INFO:colcon.colcon_core.shell:Skip shell extension 'powershell' for command environment: Not usable outside of PowerShell
[0.584s] DEBUG:colcon.colcon_core.shell:Skip shell extension 'dsv' for command environment
[0.885s] DEBUG:colcon.colcon_core.event_handler.log_command:Invoking command in '/home/user/ROS2_Humble_Study/Section3/src/my_py_pkg': PYTHONPATH=/home/user/ROS2_Humble_Study/Section3/build/my_py_pkg/prefix_override:/usr/lib/python3/dist-packages/colcon_core/task/python/colcon_distutils_commands:/home/user/ROS2_Humble_Study/Section3/install/my_py_pkg/lib/python3.10/site-packages:${PYTHONPATH} /usr/bin/python3 -W ignore:setup.py install is deprecated setup.py egg_info --egg-base ../../build/my_py_pkg build --build-base /home/user/ROS2_Humble_Study/Section3/build/my_py_pkg/build install --record /home/user/ROS2_Humble_Study/Section3/build/my_py_pkg/install.log --single-version-externally-managed install_data
[1.115s] DEBUG:colcon.colcon_core.event_handler.log_command:Invoked command in '/home/user/ROS2_Humble_Study/Section3/src/my_py_pkg' returned '0': PYTHONPATH=/home/user/ROS2_Humble_Study/Section3/build/my_py_pkg/prefix_override:/usr/lib/python3/dist-packages/colcon_core/task/python/colcon_distutils_commands:/home/user/ROS2_Humble_Study/Section3/install/my_py_pkg/lib/python3.10/site-packages:${PYTHONPATH} /usr/bin/python3 -W ignore:setup.py install is deprecated setup.py egg_info --egg-base ../../build/my_py_pkg build --build-base /home/user/ROS2_Humble_Study/Section3/build/my_py_pkg/build install --record /home/user/ROS2_Humble_Study/Section3/build/my_py_pkg/install.log --single-version-externally-managed install_data
[1.117s] Level 1:colcon.colcon_core.environment:checking '/home/user/ROS2_Humble_Study/Section3/install/my_py_pkg' for CMake module files
[1.117s] Level 1:colcon.colcon_core.environment:checking '/home/user/ROS2_Humble_Study/Section3/install/my_py_pkg' for CMake config files
[1.118s] Level 1:colcon.colcon_core.environment:checking '/home/user/ROS2_Humble_Study/Section3/install/my_py_pkg/lib'
[1.118s] Level 1:colcon.colcon_core.environment:checking '/home/user/ROS2_Humble_Study/Section3/install/my_py_pkg/bin'
[1.118s] Level 1:colcon.colcon_core.environment:checking '/home/user/ROS2_Humble_Study/Section3/install/my_py_pkg/lib/pkgconfig/my_py_pkg.pc'
[1.118s] Level 1:colcon.colcon_core.environment:checking '/home/user/ROS2_Humble_Study/Section3/install/my_py_pkg/lib/python3.10/site-packages'
[1.119s] Level 1:colcon.colcon_core.shell:create_environment_hook('my_py_pkg', 'pythonpath')
[1.119s] INFO:colcon.colcon_core.shell:Creating environment hook '/home/user/ROS2_Humble_Study/Section3/install/my_py_pkg/share/my_py_pkg/hook/pythonpath.ps1'
[1.119s] INFO:colcon.colcon_core.shell:Creating environment descriptor '/home/user/ROS2_Humble_Study/Section3/install/my_py_pkg/share/my_py_pkg/hook/pythonpath.dsv'
[1.120s] INFO:colcon.colcon_core.shell:Creating environment hook '/home/user/ROS2_Humble_Study/Section3/install/my_py_pkg/share/my_py_pkg/hook/pythonpath.sh'
[1.120s] Level 1:colcon.colcon_core.environment:checking '/home/user/ROS2_Humble_Study/Section3/install/my_py_pkg/bin'
[1.120s] Level 1:colcon.colcon_core.environment:create_environment_scripts_only(my_py_pkg)
[1.121s] INFO:colcon.colcon_core.shell:Creating package script '/home/user/ROS2_Humble_Study/Section3/install/my_py_pkg/share/my_py_pkg/package.ps1'
[1.121s] INFO:colcon.colcon_core.shell:Creating package descriptor '/home/user/ROS2_Humble_Study/Section3/install/my_py_pkg/share/my_py_pkg/package.dsv'
[1.122s] INFO:colcon.colcon_core.shell:Creating package script '/home/user/ROS2_Humble_Study/Section3/install/my_py_pkg/share/my_py_pkg/package.sh'
[1.122s] INFO:colcon.colcon_core.shell:Creating package script '/home/user/ROS2_Humble_Study/Section3/install/my_py_pkg/share/my_py_pkg/package.bash'
[1.123s] INFO:colcon.colcon_core.shell:Creating package script '/home/user/ROS2_Humble_Study/Section3/install/my_py_pkg/share/my_py_pkg/package.zsh'
[1.123s] Level 1:colcon.colcon_core.environment:create_file_with_runtime_dependencies(/home/user/ROS2_Humble_Study/Section3/install/my_py_pkg/share/colcon-core/packages/my_py_pkg)
[7.466s] DEBUG:colcon.colcon_core.event_handler.log_command:Invoked command in '/home/user/ROS2_Humble_Study/Section3/build/my_cpp_pkg' returned '0': CMAKE_PREFIX_PATH=${CMAKE_PREFIX_PATH}:/home/user/ros2_ws/install/my_py_pkg:/opt/ros/humble /usr/bin/cmake /home/user/ROS2_Humble_Study/Section3/src/my_cpp_pkg -DCMAKE_INSTALL_PREFIX=/home/user/ROS2_Humble_Study/Section3/install/my_cpp_pkg
[7.467s] DEBUG:colcon.colcon_core.event_handler.log_command:Invoking command in '/home/user/ROS2_Humble_Study/Section3/build/my_cpp_pkg': CMAKE_PREFIX_PATH=${CMAKE_PREFIX_PATH}:/home/user/ros2_ws/install/my_py_pkg:/opt/ros/humble /usr/bin/cmake --build /home/user/ROS2_Humble_Study/Section3/build/my_cpp_pkg -- -j8 -l8
[7.492s] DEBUG:colcon.colcon_core.event_handler.log_command:Invoked command in '/home/user/ROS2_Humble_Study/Section3/build/my_cpp_pkg' returned '0': CMAKE_PREFIX_PATH=${CMAKE_PREFIX_PATH}:/home/user/ros2_ws/install/my_py_pkg:/opt/ros/humble /usr/bin/cmake --build /home/user/ROS2_Humble_Study/Section3/build/my_cpp_pkg -- -j8 -l8
[7.515s] DEBUG:colcon.colcon_core.event_handler.log_command:Invoking command in '/home/user/ROS2_Humble_Study/Section3/build/my_cpp_pkg': CMAKE_PREFIX_PATH=${CMAKE_PREFIX_PATH}:/home/user/ros2_ws/install/my_py_pkg:/opt/ros/humble /usr/bin/cmake --install /home/user/ROS2_Humble_Study/Section3/build/my_cpp_pkg
[7.523s] Level 1:colcon.colcon_core.environment:create_environment_scripts_only(my_cpp_pkg)
[7.523s] Level 1:colcon.colcon_core.environment:checking '/home/user/ROS2_Humble_Study/Section3/install/my_cpp_pkg' for CMake module files
[7.524s] DEBUG:colcon.colcon_core.event_handler.log_command:Invoked command in '/home/user/ROS2_Humble_Study/Section3/build/my_cpp_pkg' returned '0': CMAKE_PREFIX_PATH=${CMAKE_PREFIX_PATH}:/home/user/ros2_ws/install/my_py_pkg:/opt/ros/humble /usr/bin/cmake --install /home/user/ROS2_Humble_Study/Section3/build/my_cpp_pkg
[7.524s] Level 1:colcon.colcon_core.environment:checking '/home/user/ROS2_Humble_Study/Section3/install/my_cpp_pkg' for CMake config files
[7.525s] Level 1:colcon.colcon_core.shell:create_environment_hook('my_cpp_pkg', 'cmake_prefix_path')
[7.525s] INFO:colcon.colcon_core.shell:Creating environment hook '/home/user/ROS2_Humble_Study/Section3/install/my_cpp_pkg/share/my_cpp_pkg/hook/cmake_prefix_path.ps1'
[7.525s] INFO:colcon.colcon_core.shell:Creating environment descriptor '/home/user/ROS2_Humble_Study/Section3/install/my_cpp_pkg/share/my_cpp_pkg/hook/cmake_prefix_path.dsv'
[7.526s] INFO:colcon.colcon_core.shell:Creating environment hook '/home/user/ROS2_Humble_Study/Section3/install/my_cpp_pkg/share/my_cpp_pkg/hook/cmake_prefix_path.sh'
[7.526s] Level 1:colcon.colcon_core.environment:checking '/home/user/ROS2_Humble_Study/Section3/install/my_cpp_pkg/bin'
[7.526s] Level 1:colcon.colcon_core.environment:checking '/home/user/ROS2_Humble_Study/Section3/install/my_cpp_pkg/lib/pkgconfig/my_cpp_pkg.pc'
[7.526s] Level 1:colcon.colcon_core.environment:checking '/home/user/ROS2_Humble_Study/Section3/install/my_cpp_pkg/lib/python3.10/site-packages'
[7.526s] Level 1:colcon.colcon_core.environment:checking '/home/user/ROS2_Humble_Study/Section3/install/my_cpp_pkg/bin'
[7.527s] INFO:colcon.colcon_core.shell:Creating package script '/home/user/ROS2_Humble_Study/Section3/install/my_cpp_pkg/share/my_cpp_pkg/package.ps1'
[7.527s] INFO:colcon.colcon_core.shell:Creating package descriptor '/home/user/ROS2_Humble_Study/Section3/install/my_cpp_pkg/share/my_cpp_pkg/package.dsv'
[7.527s] INFO:colcon.colcon_core.shell:Creating package script '/home/user/ROS2_Humble_Study/Section3/install/my_cpp_pkg/share/my_cpp_pkg/package.sh'
[7.528s] INFO:colcon.colcon_core.shell:Creating package script '/home/user/ROS2_Humble_Study/Section3/install/my_cpp_pkg/share/my_cpp_pkg/package.bash'
[7.528s] INFO:colcon.colcon_core.shell:Creating package script '/home/user/ROS2_Humble_Study/Section3/install/my_cpp_pkg/share/my_cpp_pkg/package.zsh'
[7.528s] Level 1:colcon.colcon_core.environment:create_file_with_runtime_dependencies(/home/user/ROS2_Humble_Study/Section3/install/my_cpp_pkg/share/colcon-core/packages/my_cpp_pkg)
[7.544s] Level 1:colcon.colcon_core.environment:create_environment_scripts_only(my_cpp_pkg)
[7.544s] Level 1:colcon.colcon_core.environment:checking '/home/user/ROS2_Humble_Study/Section3/install/my_cpp_pkg' for CMake module files
[7.545s] Level 1:colcon.colcon_core.environment:checking '/home/user/ROS2_Humble_Study/Section3/install/my_cpp_pkg' for CMake config files
[7.545s] Level 1:colcon.colcon_core.shell:create_environment_hook('my_cpp_pkg', 'cmake_prefix_path')
[7.545s] INFO:colcon.colcon_core.shell:Creating environment hook '/home/user/ROS2_Humble_Study/Section3/install/my_cpp_pkg/share/my_cpp_pkg/hook/cmake_prefix_path.ps1'
[7.546s] INFO:colcon.colcon_core.shell:Creating environment descriptor '/home/user/ROS2_Humble_Study/Section3/install/my_cpp_pkg/share/my_cpp_pkg/hook/cmake_prefix_path.dsv'
[7.546s] INFO:colcon.colcon_core.shell:Creating environment hook '/home/user/ROS2_Humble_Study/Section3/install/my_cpp_pkg/share/my_cpp_pkg/hook/cmake_prefix_path.sh'
[7.546s] Level 1:colcon.colcon_core.environment:checking '/home/user/ROS2_Humble_Study/Section3/install/my_cpp_pkg/bin'
[7.547s] Level 1:colcon.colcon_core.environment:checking '/home/user/ROS2_Humble_Study/Section3/install/my_cpp_pkg/lib/pkgconfig/my_cpp_pkg.pc'
[7.547s] Level 1:colcon.colcon_core.environment:checking '/home/user/ROS2_Humble_Study/Section3/install/my_cpp_pkg/lib/python3.10/site-packages'
[7.547s] Level 1:colcon.colcon_core.environment:checking '/home/user/ROS2_Humble_Study/Section3/install/my_cpp_pkg/bin'
[7.547s] INFO:colcon.colcon_core.shell:Creating package script '/home/user/ROS2_Humble_Study/Section3/install/my_cpp_pkg/share/my_cpp_pkg/package.ps1'
[7.548s] INFO:colcon.colcon_core.shell:Creating package descriptor '/home/user/ROS2_Humble_Study/Section3/install/my_cpp_pkg/share/my_cpp_pkg/package.dsv'
[7.548s] INFO:colcon.colcon_core.shell:Creating package script '/home/user/ROS2_Humble_Study/Section3/install/my_cpp_pkg/share/my_cpp_pkg/package.sh'
[7.548s] INFO:colcon.colcon_core.shell:Creating package script '/home/user/ROS2_Humble_Study/Section3/install/my_cpp_pkg/share/my_cpp_pkg/package.bash'
[7.548s] INFO:colcon.colcon_core.shell:Creating package script '/home/user/ROS2_Humble_Study/Section3/install/my_cpp_pkg/share/my_cpp_pkg/package.zsh'
[7.549s] Level 1:colcon.colcon_core.environment:create_file_with_runtime_dependencies(/home/user/ROS2_Humble_Study/Section3/install/my_cpp_pkg/share/colcon-core/packages/my_cpp_pkg)
[7.549s] DEBUG:colcon.colcon_parallel_executor.executor.parallel:closing loop
[7.549s] DEBUG:colcon.colcon_parallel_executor.executor.parallel:loop closed
[7.550s] DEBUG:colcon.colcon_parallel_executor.executor.parallel:run_until_complete finished with '0'
[7.550s] DEBUG:colcon.colcon_core.event_reactor:joining thread
[7.557s] INFO:colcon.colcon_core.plugin_system:Skipping extension 'colcon_notification.desktop_notification.terminal_notifier': Not used on non-Darwin systems
[7.558s] INFO:colcon.colcon_core.plugin_system:Skipping extension 'colcon_notification.desktop_notification.win32': Not used on non-Windows systems
[7.558s] INFO:colcon.colcon_notification.desktop_notification:Sending desktop notification using 'notify2'
[7.595s] DEBUG:colcon.colcon_core.event_reactor:joined thread
[7.596s] INFO:colcon.colcon_core.shell:Creating prefix script '/home/user/ROS2_Humble_Study/Section3/install/local_setup.ps1'
[7.597s] INFO:colcon.colcon_core.shell:Creating prefix util module '/home/user/ROS2_Humble_Study/Section3/install/_local_setup_util_ps1.py'
[7.598s] INFO:colcon.colcon_core.shell:Creating prefix chain script '/home/user/ROS2_Humble_Study/Section3/install/setup.ps1'
[7.599s] INFO:colcon.colcon_core.shell:Creating prefix script '/home/user/ROS2_Humble_Study/Section3/install/local_setup.sh'
[7.600s] INFO:colcon.colcon_core.shell:Creating prefix util module '/home/user/ROS2_Humble_Study/Section3/install/_local_setup_util_sh.py'
[7.600s] INFO:colcon.colcon_core.shell:Creating prefix chain script '/home/user/ROS2_Humble_Study/Section3/install/setup.sh'
[7.601s] INFO:colcon.colcon_core.shell:Creating prefix script '/home/user/ROS2_Humble_Study/Section3/install/local_setup.bash'
[7.602s] INFO:colcon.colcon_core.shell:Creating prefix chain script '/home/user/ROS2_Humble_Study/Section3/install/setup.bash'
[7.603s] INFO:colcon.colcon_core.shell:Creating prefix script '/home/user/ROS2_Humble_Study/Section3/install/local_setup.zsh'
[7.603s] INFO:colcon.colcon_core.shell:Creating prefix chain script '/home/user/ROS2_Humble_Study/Section3/install/setup.zsh'
