[0.018s] Invoking command in '/home/user/ROS2_Humble_Study/Section3/build/my_cpp_pkg': CMAKE_PREFIX_PATH=${CMAKE_PREFIX_PATH}:/home/user/ros2_ws/install/my_py_pkg:/opt/ros/humble /usr/bin/cmake /home/user/ROS2_Humble_Study/Section3/src/my_cpp_pkg -DCMAKE_INSTALL_PREFIX=/home/user/ROS2_Humble_Study/Section3/install/my_cpp_pkg
[0.272s] -- The C compiler identification is GNU 11.4.0
[0.748s] -- The CXX compiler identification is GNU 11.4.0
[1.034s] -- Detecting C compiler ABI info
[1.167s] -- Detecting C compiler ABI info - done
[1.173s] -- Check for working C compiler: /usr/bin/cc - skipped
[1.175s] -- Detecting C compile features
[1.176s] -- Detecting C compile features - done
[1.179s] -- Detecting CXX compiler ABI info
[1.305s] -- Detecting CXX compiler ABI info - done
[1.311s] -- Check for working CXX compiler: /usr/bin/c++ - skipped
[1.311s] -- Detecting CXX compile features
[1.311s] -- Detecting CXX compile features - done
[1.317s] -- Found ament_cmake: 1.3.9 (/opt/ros/humble/share/ament_cmake/cmake)
[1.439s] -- Found Python3: /usr/bin/python3 (found version "3.10.12") found components: Interpreter 
[1.547s] -- Found rclcpp: 16.0.9 (/opt/ros/humble/share/rclcpp/cmake)
[1.724s] -- Found rosidl_generator_c: 3.1.5 (/opt/ros/humble/share/rosidl_generator_c/cmake)
[1.730s] -- Found rosidl_adapter: 3.1.5 (/opt/ros/humble/share/rosidl_adapter/cmake)
[1.744s] -- Found rosidl_generator_cpp: 3.1.5 (/opt/ros/humble/share/rosidl_generator_cpp/cmake)
[1.765s] -- Using all available rosidl_typesupport_c: rosidl_typesupport_fastrtps_c;rosidl_typesupport_introspection_c
[1.797s] -- Using all available rosidl_typesupport_cpp: rosidl_typesupport_fastrtps_cpp;rosidl_typesupport_introspection_cpp
[1.895s] -- Found rmw_implementation_cmake: 6.1.2 (/opt/ros/humble/share/rmw_implementation_cmake/cmake)
[1.900s] -- Found rmw_fastrtps_cpp: 6.2.6 (/opt/ros/humble/share/rmw_fastrtps_cpp/cmake)
[3.057s] -- Found OpenSSL: /usr/lib/x86_64-linux-gnu/libcrypto.so (found version "3.0.2")  
[4.264s] -- Found FastRTPS: /opt/ros/humble/include  
[6.548s] -- Using RMW implementation 'rmw_fastrtps_cpp' as default
[6.572s] -- Looking for pthread.h
[6.710s] -- Looking for pthread.h - found
[6.710s] -- Performing Test CMAKE_HAVE_LIBC_PTHREAD
[6.831s] -- Performing Test CMAKE_HAVE_LIBC_PTHREAD - Success
[6.832s] -- Found Threads: TRUE  
[7.012s] -- Found ament_lint_auto: 0.12.11 (/opt/ros/humble/share/ament_lint_auto/cmake)
[7.090s] -- Added test 'lint_cmake' to check CMake code style
[7.093s] -- Added test 'xmllint' to check XML markup files
[7.095s] -- Configuring done
[7.098s] -- Generating done
[7.099s] -- Build files have been written to: /home/user/ROS2_Humble_Study/Section3/build/my_cpp_pkg
[7.109s] Invoked command in '/home/user/ROS2_Humble_Study/Section3/build/my_cpp_pkg' returned '0': CMAKE_PREFIX_PATH=${CMAKE_PREFIX_PATH}:/home/user/ros2_ws/install/my_py_pkg:/opt/ros/humble /usr/bin/cmake /home/user/ROS2_Humble_Study/Section3/src/my_cpp_pkg -DCMAKE_INSTALL_PREFIX=/home/user/ROS2_Humble_Study/Section3/install/my_cpp_pkg
[7.110s] Invoking command in '/home/user/ROS2_Humble_Study/Section3/build/my_cpp_pkg': CMAKE_PREFIX_PATH=${CMAKE_PREFIX_PATH}:/home/user/ros2_ws/install/my_py_pkg:/opt/ros/humble /usr/bin/cmake --build /home/user/ROS2_Humble_Study/Section3/build/my_cpp_pkg -- -j8 -l8
[7.134s] Invoked command in '/home/user/ROS2_Humble_Study/Section3/build/my_cpp_pkg' returned '0': CMAKE_PREFIX_PATH=${CMAKE_PREFIX_PATH}:/home/user/ros2_ws/install/my_py_pkg:/opt/ros/humble /usr/bin/cmake --build /home/user/ROS2_Humble_Study/Section3/build/my_cpp_pkg -- -j8 -l8
[7.157s] Invoking command in '/home/user/ROS2_Humble_Study/Section3/build/my_cpp_pkg': CMAKE_PREFIX_PATH=${CMAKE_PREFIX_PATH}:/home/user/ros2_ws/install/my_py_pkg:/opt/ros/humble /usr/bin/cmake --install /home/user/ROS2_Humble_Study/Section3/build/my_cpp_pkg
[7.162s] -- Install configuration: ""
[7.162s] -- Installing: /home/user/ROS2_Humble_Study/Section3/install/my_cpp_pkg/share/ament_index/resource_index/package_run_dependencies/my_cpp_pkg
[7.162s] -- Installing: /home/user/ROS2_Humble_Study/Section3/install/my_cpp_pkg/share/ament_index/resource_index/parent_prefix_path/my_cpp_pkg
[7.163s] -- Installing: /home/user/ROS2_Humble_Study/Section3/install/my_cpp_pkg/share/my_cpp_pkg/environment/ament_prefix_path.sh
[7.163s] -- Installing: /home/user/ROS2_Humble_Study/Section3/install/my_cpp_pkg/share/my_cpp_pkg/environment/ament_prefix_path.dsv
[7.163s] -- Installing: /home/user/ROS2_Humble_Study/Section3/install/my_cpp_pkg/share/my_cpp_pkg/environment/path.sh
[7.163s] -- Installing: /home/user/ROS2_Humble_Study/Section3/install/my_cpp_pkg/share/my_cpp_pkg/environment/path.dsv
[7.163s] -- Installing: /home/user/ROS2_Humble_Study/Section3/install/my_cpp_pkg/share/my_cpp_pkg/local_setup.bash
[7.163s] -- Installing: /home/user/ROS2_Humble_Study/Section3/install/my_cpp_pkg/share/my_cpp_pkg/local_setup.sh
[7.164s] -- Installing: /home/user/ROS2_Humble_Study/Section3/install/my_cpp_pkg/share/my_cpp_pkg/local_setup.zsh
[7.164s] -- Installing: /home/user/ROS2_Humble_Study/Section3/install/my_cpp_pkg/share/my_cpp_pkg/local_setup.dsv
[7.164s] -- Installing: /home/user/ROS2_Humble_Study/Section3/install/my_cpp_pkg/share/my_cpp_pkg/package.dsv
[7.164s] -- Installing: /home/user/ROS2_Humble_Study/Section3/install/my_cpp_pkg/share/ament_index/resource_index/packages/my_cpp_pkg
[7.164s] -- Installing: /home/user/ROS2_Humble_Study/Section3/install/my_cpp_pkg/share/my_cpp_pkg/cmake/my_cpp_pkgConfig.cmake
[7.164s] -- Installing: /home/user/ROS2_Humble_Study/Section3/install/my_cpp_pkg/share/my_cpp_pkg/cmake/my_cpp_pkgConfig-version.cmake
[7.164s] -- Installing: /home/user/ROS2_Humble_Study/Section3/install/my_cpp_pkg/share/my_cpp_pkg/package.xml
[7.166s] Invoked command in '/home/user/ROS2_Humble_Study/Section3/build/my_cpp_pkg' returned '0': CMAKE_PREFIX_PATH=${CMAKE_PREFIX_PATH}:/home/user/ros2_ws/install/my_py_pkg:/opt/ros/humble /usr/bin/cmake --install /home/user/ROS2_Humble_Study/Section3/build/my_cpp_pkg
